<?xml version="1.0" encoding="UTF-8"?>
<!-- Generated by org.testng.reporters.JUnitXMLReporter -->
<testsuite hostname="DESKTOP-PT9BTGS" ignored="0" name="Test" tests="1" failures="1" timestamp="21 Jun 2020 17:12:04 GMT" time="13.62" errors="0">
  <testcase name="testLogin" time="13.56" classname="loginTest.loginTest">
    <failure type="java.lang.AssertionError" message="expected [true] but found [false]">
      <![CDATA[java.lang.AssertionError: expected [true] but found [false]
at loginTest.loginTest.testLogin(loginTest.java:74)
... Removed 29 stack frames]]>
    </failure>
  </testcase> <!-- testLogin -->
</testsuite> <!-- Test -->
